<?xml version="1.0" encoding="UTF-8"?>
<!-- Generated by org.testng.reporters.JUnitXMLReporter -->
<testsuite ignored="0" hostname="Bindus-MacBook-Air.local" failures="0" tests="10" name="chromeTest" time="110.878" errors="0" timestamp="2025-02-14T09:15:57 PST">
  <testcase classname="testCases.TC01_LaunchApplication" name="testLaunchApplication" time="0.041"/>
  <testcase classname="testCases.TC06_PurchaseAGiftCertificate" name="testPurchaseAGiftCertificate" time="1.514"/>
  <testcase classname="testCases.TC03_AddToCart" name="testAddToCart" time="1.716"/>
  <testcase classname="testCases.TC02_Login" name="testLogin" time="1.927"/>
  <testcase classname="testCases.TC02_Login" name="testLogin" time="1.975"/>
  <testcase classname="testCases.TC02_Login" name="testLogin" time="1.915"/>
  <testcase classname="testCases.TC02_Login" name="testLogin" time="1.948"/>
  <testcase classname="testCases.TC02_Login" name="testLogin" time="2.109"/>
  <testcase classname="testCases.TC05_AddAnItemToWishList" name="testAddToWishList" time="1.781"/>
  <testcase classname="testCases.TC04_CompletePurchase" name="testCompletePurchase" time="70.253"/>
</testsuite> <!-- chromeTest -->
