<?xml version="1.0" encoding="UTF-8"?>
<!-- Generated by org.testng.reporters.JUnitXMLReporter -->
<testsuite ignored="0" hostname="Bindus-MacBook-Air.local" failures="0" tests="10" name="edgeTest" time="117.701" errors="0" timestamp="2025-02-14T09:16:04 PST">
  <testcase classname="testCases.TC01_LaunchApplication" name="testLaunchApplication" time="0.061"/>
  <testcase classname="testCases.TC06_PurchaseAGiftCertificate" name="testPurchaseAGiftCertificate" time="1.253"/>
  <testcase classname="testCases.TC03_AddToCart" name="testAddToCart" time="1.731"/>
  <testcase classname="testCases.TC02_Login" name="testLogin" time="2.169"/>
  <testcase classname="testCases.TC02_Login" name="testLogin" time="2.332"/>
  <testcase classname="testCases.TC02_Login" name="testLogin" time="2.396"/>
  <testcase classname="testCases.TC02_Login" name="testLogin" time="2.439"/>
  <testcase classname="testCases.TC02_Login" name="testLogin" time="1.98"/>
  <testcase classname="testCases.TC05_AddAnItemToWishList" name="testAddToWishList" time="1.488"/>
  <testcase classname="testCases.TC04_CompletePurchase" name="testCompletePurchase" time="68.54"/>
</testsuite> <!-- edgeTest -->
