<?xml version="1.0" encoding="UTF-8"?>
<!-- Generated by org.testng.reporters.JUnitXMLReporter -->
<testsuite ignored="0" hostname="Bindus-MacBook-Air.local" failures="0" tests="10" name="firefoxTest" time="120.651" errors="0" timestamp="2025-02-14T09:16:07 PST">
  <testcase classname="testCases.TC01_LaunchApplication" name="testLaunchApplication" time="0.152"/>
  <testcase classname="testCases.TC06_PurchaseAGiftCertificate" name="testPurchaseAGiftCertificate" time="1.489"/>
  <testcase classname="testCases.TC03_AddToCart" name="testAddToCart" time="1.697"/>
  <testcase classname="testCases.TC02_Login" name="testLogin" time="2.495"/>
  <testcase classname="testCases.TC02_Login" name="testLogin" time="2.437"/>
  <testcase classname="testCases.TC02_Login" name="testLogin" time="2.502"/>
  <testcase classname="testCases.TC02_Login" name="testLogin" time="2.103"/>
  <testcase classname="testCases.TC02_Login" name="testLogin" time="2.044"/>
  <testcase classname="testCases.TC05_AddAnItemToWishList" name="testAddToWishList" time="1.577"/>
  <testcase classname="testCases.TC04_CompletePurchase" name="testCompletePurchase" time="69.59"/>
</testsuite> <!-- firefoxTest -->
