<?xml version="1.0" encoding="UTF-8"?>
<!-- Generated by org.testng.reporters.JUnitXMLReporter -->
<testsuite ignored="0" hostname="Bindus-MacBook-Air.local" failures="0" tests="10" name="chromeTest" time="109.768" errors="0" timestamp="2025-02-18T15:46:07 PST">
  <testcase classname="testCases.TC01_LaunchApplication" name="testLaunchApplication" time="0.048"/>
  <testcase classname="testCases.TC06_PurchaseAGiftCertificate" name="testPurchaseAGiftCertificate" time="1.3"/>
  <testcase classname="testCases.TC03_AddToCart" name="testAddToCart" time="1.717"/>
  <testcase classname="testCases.TC02_Login" name="testLogin" time="2.13"/>
  <testcase classname="testCases.TC02_Login" name="testLogin" time="1.989"/>
  <testcase classname="testCases.TC02_Login" name="testLogin" time="1.942"/>
  <testcase classname="testCases.TC02_Login" name="testLogin" time="1.943"/>
  <testcase classname="testCases.TC02_Login" name="testLogin" time="1.779"/>
  <testcase classname="testCases.TC05_AddAnItemToWishList" name="testAddToWishList" time="1.687"/>
  <testcase classname="testCases.TC04_CompletePurchase" name="testCompletePurchase" time="69.255"/>
</testsuite> <!-- chromeTest -->
