<?xml version="1.0" encoding="UTF-8"?>
<!-- Generated by org.testng.reporters.JUnitXMLReporter -->
<testsuite ignored="0" hostname="Bindus-MacBook-Air.local" failures="0" tests="10" name="edgeTest" time="120.797" errors="0" timestamp="2025-02-18T15:46:18 PST">
  <testcase classname="testCases.TC01_LaunchApplication" name="testLaunchApplication" time="0.025"/>
  <testcase classname="testCases.TC06_PurchaseAGiftCertificate" name="testPurchaseAGiftCertificate" time="1.218"/>
  <testcase classname="testCases.TC03_AddToCart" name="testAddToCart" time="1.781"/>
  <testcase classname="testCases.TC02_Login" name="testLogin" time="2.046"/>
  <testcase classname="testCases.TC02_Login" name="testLogin" time="2.048"/>
  <testcase classname="testCases.TC02_Login" name="testLogin" time="1.763"/>
  <testcase classname="testCases.TC02_Login" name="testLogin" time="1.987"/>
  <testcase classname="testCases.TC02_Login" name="testLogin" time="1.841"/>
  <testcase classname="testCases.TC05_AddAnItemToWishList" name="testAddToWishList" time="2.405"/>
  <testcase classname="testCases.TC04_CompletePurchase" name="testCompletePurchase" time="68.505"/>
</testsuite> <!-- edgeTest -->
